\BOOKMARK [0][-]{chapter.1}{Project Proposal}{}% 1
\BOOKMARK [1][-]{section.1.1}{Executive Summary}{chapter.1}% 2
\BOOKMARK [0][-]{chapter.2}{Project Plan}{}% 3
\BOOKMARK [1][-]{section.2.1}{Defining and Understanding the Problem}{chapter.2}% 4
\BOOKMARK [1][-]{section.2.2}{Design}{chapter.2}% 5
\BOOKMARK [1][-]{section.2.3}{Implementation}{chapter.2}% 6
\BOOKMARK [1][-]{section.2.4}{Testing}{chapter.2}% 7
\BOOKMARK [0][-]{chapter.3}{Feasibility Study}{}% 8
\BOOKMARK [1][-]{section.3.1}{Executive Summary}{chapter.3}% 9
\BOOKMARK [1][-]{section.3.2}{Description of Products and Services}{chapter.3}% 10
\BOOKMARK [1][-]{section.3.3}{Technology Considerations}{chapter.3}% 11
\BOOKMARK [2][-]{subsection.3.3.1}{Hardware Considerations}{section.3.3}% 12
\BOOKMARK [2][-]{subsection.3.3.2}{Software Considerations}{section.3.3}% 13
\BOOKMARK [1][-]{section.3.4}{Product/Service Marketplace}{chapter.3}% 14
\BOOKMARK [1][-]{section.3.5}{Social and Ethical Considerations}{chapter.3}% 15
\BOOKMARK [2][-]{subsection.3.5.1}{Legal Considerations}{section.3.5}% 16
\BOOKMARK [2][-]{subsection.3.5.2}{Ergonomics}{section.3.5}% 17
\BOOKMARK [2][-]{subsection.3.5.3}{Inclusivity}{section.3.5}% 18
\BOOKMARK [1][-]{section.3.6}{Organization and Staffing}{chapter.3}% 19
\BOOKMARK [1][-]{section.3.7}{Schedule}{chapter.3}% 20
\BOOKMARK [1][-]{section.3.8}{Financial Projections}{chapter.3}% 21
\BOOKMARK [1][-]{section.3.9}{Findings and Recommendations}{chapter.3}% 22
\BOOKMARK [0][-]{chapter.4}{Design}{}% 23
\BOOKMARK [1][-]{section.4.1}{System Modeling Diagrams}{chapter.4}% 24
\BOOKMARK [1][-]{section.4.2}{Modularity and Design Patterns}{chapter.4}% 25
\BOOKMARK [2][-]{subsection.4.2.1}{Clouds and Mountains Screensaver}{section.4.2}% 26
\BOOKMARK [2][-]{subsection.4.2.2}{Mandelbrot Screensaver}{section.4.2}% 27
\BOOKMARK [2][-]{subsection.4.2.3}{Metaballs Screensaver}{section.4.2}% 28
\BOOKMARK [1][-]{section.4.3}{Influence of Survey Responses on Design and Direction}{chapter.4}% 29
\BOOKMARK [1][-]{section.4.4}{Configuration Windows}{chapter.4}% 30
\BOOKMARK [0][-]{chapter.5}{Implementation}{}% 31
\BOOKMARK [1][-]{section.5.1}{Mandelbrot Screensaver}{chapter.5}% 32
\BOOKMARK [2][-]{subsection.5.1.1}{Point Mapping}{section.5.1}% 33
\BOOKMARK [2][-]{subsection.5.1.2}{Colouring}{section.5.1}% 34
\BOOKMARK [1][-]{section.5.2}{Metaballs Screensaver}{chapter.5}% 35
\BOOKMARK [2][-]{subsection.5.2.1}{Raymarched Scene}{section.5.2}% 36
\BOOKMARK [2][-]{subsection.5.2.2}{The SDF Raymarching Algorithm}{section.5.2}% 37
\BOOKMARK [1][-]{section.5.3}{Clouds and Mountains Screensaver}{chapter.5}% 38
\BOOKMARK [2][-]{subsection.5.3.1}{Atmospheric Scattering}{section.5.3}% 39
\BOOKMARK [2][-]{subsection.5.3.2}{Volumetric Raymarching}{section.5.3}% 40
\BOOKMARK [2][-]{subsection.5.3.3}{Procedural Terrain}{section.5.3}% 41
\BOOKMARK [2][-]{subsection.5.3.4}{God Rays}{section.5.3}% 42
\BOOKMARK [0][-]{chapter.6}{Testing}{}% 43
\BOOKMARK [0][-]{chapter.7}{Evaluation}{}% 44
\BOOKMARK [0][-]{chapter*.36}{Bibliography}{}% 45
\BOOKMARK [0][-]{section*.37}{Glossary}{}% 46
\BOOKMARK [0][-]{chapter.8}{Appendix}{}% 47
\BOOKMARK [1][-]{section.8.1}{Designs}{chapter.8}% 48
\BOOKMARK [2][-]{subsection.8.1.1}{Clouds Screensaver Context Diagram}{section.8.1}% 49
\BOOKMARK [2][-]{subsection.8.1.2}{Clouds Screensaver Data Flow Diagram}{section.8.1}% 50
\BOOKMARK [2][-]{subsection.8.1.3}{Clouds Screensaver Structure Chart}{section.8.1}% 51
\BOOKMARK [2][-]{subsection.8.1.4}{Clouds Screensaver Storyboard}{section.8.1}% 52
\BOOKMARK [2][-]{subsection.8.1.5}{Mandelbrot Screensaver Context Diagram}{section.8.1}% 53
\BOOKMARK [2][-]{subsection.8.1.6}{Mandelbrot Screensaver Data Flow Diagram}{section.8.1}% 54
\BOOKMARK [2][-]{subsection.8.1.7}{Mandelbrot Screensaver Structure Chart}{section.8.1}% 55
\BOOKMARK [2][-]{subsection.8.1.8}{Mandelbrot Screensaver Storyboard}{section.8.1}% 56
\BOOKMARK [2][-]{subsection.8.1.9}{Metaballs Screensaver Context Diagram}{section.8.1}% 57
\BOOKMARK [2][-]{subsection.8.1.10}{Metaballs Screensaver Data Flow Diagram}{section.8.1}% 58
\BOOKMARK [2][-]{subsection.8.1.11}{Metaballs Screensaver Structure Chart}{section.8.1}% 59
\BOOKMARK [2][-]{subsection.8.1.12}{Metaballs Screensaver Storyboard}{section.8.1}% 60
\BOOKMARK [2][-]{subsection.8.1.13}{Configuration Window Screen Design}{section.8.1}% 61
\BOOKMARK [2][-]{subsection.8.1.14}{Clouds and Mountains Screensaver Screen Design}{section.8.1}% 62
\BOOKMARK [2][-]{subsection.8.1.15}{Mandelbrot Screensaver Screen Design}{section.8.1}% 63
\BOOKMARK [2][-]{subsection.8.1.16}{Metaballs Screensaver Screen Design}{section.8.1}% 64
\BOOKMARK [2][-]{subsection.8.1.17}{Data Dictionary}{section.8.1}% 65
\BOOKMARK [1][-]{section.8.2}{Survey Responses}{chapter.8}% 66
\BOOKMARK [2][-]{subsection.8.2.1}{Julia Balajan - Survey Response}{section.8.2}% 67
\BOOKMARK [2][-]{subsection.8.2.2}{Ms Saki - Survey Response}{section.8.2}% 68
\BOOKMARK [2][-]{subsection.8.2.3}{Arjun Malik - Survey Response 1}{section.8.2}% 69
\BOOKMARK [2][-]{subsection.8.2.4}{Arjun Malik - Survey Response 2}{section.8.2}% 70
\BOOKMARK [2][-]{subsection.8.2.5}{Samuel Stacy - Survey Response 1}{section.8.2}% 71
\BOOKMARK [2][-]{subsection.8.2.6}{Samuel Stacy - Survey Response 2}{section.8.2}% 72
\BOOKMARK [2][-]{subsection.8.2.7}{Julian Peen - Survey Response 1}{section.8.2}% 73
\BOOKMARK [2][-]{subsection.8.2.8}{Julian Peen - Survey Response 2}{section.8.2}% 74
